<?xml version="1.0" encoding="UTF-8"?>
<!-- Generated by org.testng.reporters.JUnitReportReporter -->
<testsuite skipped="0" hostname="DESKTOP-8PV5AO7" name="testCasesPOM.TC001_CreateLead" tests="2" failures="0" timestamp="04 Aug 2018 05:24:15 GMT" time="36.427" errors="0">
  <testcase name="createLead" time="18.402" classname="testCasesPOM.TC001_CreateLead"/>
  <testcase name="createLead" time="18.025" classname="testCasesPOM.TC001_CreateLead"/>
</testsuite> <!-- testCasesPOM.TC001_CreateLead -->
