<?xml version="1.0" encoding="UTF-8"?>
<!-- Generated by org.testng.reporters.JUnitReportReporter -->
<testsuite skipped="0" hostname="DESKTOP-8PV5AO7" name="testCasesPOM.TC005_DeleteLead" tests="1" failures="0" timestamp="04 Aug 2018 05:24:15 GMT" time="78.883" errors="0">
  <testcase name="deleteLead" time="78.883" classname="testCasesPOM.TC005_DeleteLead"/>
</testsuite> <!-- testCasesPOM.TC005_DeleteLead -->
