<?xml version="1.0" encoding="UTF-8"?>
<!-- Generated by org.testng.reporters.JUnitReportReporter -->
<testsuite skipped="0" hostname="DESKTOP-8PV5AO7" name="testCasesPOM.TC004_EditLead" tests="1" failures="0" timestamp="04 Aug 2018 05:24:15 GMT" time="81.802" errors="0">
  <testcase name="editLead" time="81.802" classname="testCasesPOM.TC004_EditLead"/>
</testsuite> <!-- testCasesPOM.TC004_EditLead -->
