<?xml version="1.0" encoding="UTF-8"?>
<!-- Generated by org.testng.reporters.JUnitReportReporter -->
<testsuite skipped="0" hostname="DESKTOP-8PV5AO7" name="testCasesPOM.TC001_CreateLead" tests="2" failures="0" timestamp="06 Aug 2018 16:25:17 GMT" time="39.990" errors="0">
  <testcase name="createLead" time="18.555" classname="testCasesPOM.TC001_CreateLead"/>
  <testcase name="createLead" time="21.435" classname="testCasesPOM.TC001_CreateLead"/>
</testsuite> <!-- testCasesPOM.TC001_CreateLead -->
