<?xml version="1.0" encoding="UTF-8"?>
<!-- Generated by org.testng.reporters.JUnitReportReporter -->
<testsuite skipped="0" hostname="DESKTOP-8PV5AO7" name="testCasesPOM.TC002_CreateLeadNeg" tests="3" failures="0" timestamp="04 Aug 2018 05:24:15 GMT" time="47.417" errors="0">
  <testcase name="createLead" time="15.613" classname="testCasesPOM.TC002_CreateLeadNeg"/>
  <testcase name="createLead" time="15.185" classname="testCasesPOM.TC002_CreateLeadNeg"/>
  <testcase name="createLead" time="16.619" classname="testCasesPOM.TC002_CreateLeadNeg"/>
</testsuite> <!-- testCasesPOM.TC002_CreateLeadNeg -->
